Analysis & Synthesis report for lab4
Wed Nov 13 22:43:32 2024
Quartus Prime Version 17.0.0 Build 595 04/25/2017 SJ Lite Edition


---------------------
; Table of Contents ;
---------------------
  1. Legal Notice
  2. Analysis & Synthesis Summary
  3. Analysis & Synthesis Settings
  4. Parallel Compilation
  5. Analysis & Synthesis Source Files Read
  6. Analysis & Synthesis Resource Usage Summary
  7. Analysis & Synthesis Resource Utilization by Entity
  8. Analysis & Synthesis RAM Summary
  9. Analysis & Synthesis IP Cores Summary
 10. State Machine - |De1SoC|task2:taskDisp2|task2_control:c_unit|ps
 11. Registers Removed During Synthesis
 12. General Register Statistics
 13. Multiplexer Restructuring Statistics (Restructuring Performed)
 14. Source assignments for task2:taskDisp2|task2_datapath:d_unit|ram32x8:ram|altsyncram:altsyncram_component|altsyncram_3gq1:auto_generated
 15. Parameter Settings for User Entity Instance: task2:taskDisp2|task2_datapath:d_unit|ram32x8:ram|altsyncram:altsyncram_component
 16. Parameter Settings for User Entity Instance: task2:taskDisp2|task2_control:c_unit
 17. altsyncram Parameter Settings by Entity Instance
 18. Port Connectivity Checks: "seg7:disp0"
 19. Port Connectivity Checks: "seg7:disp1"
 20. Port Connectivity Checks: "task2:taskDisp2|task2_datapath:d_unit|ram32x8:ram"
 21. Post-Synthesis Netlist Statistics for Top Partition
 22. Elapsed Time Per Partition
 23. Analysis & Synthesis Messages



----------------
; Legal Notice ;
----------------
Copyright (C) 2017  Intel Corporation. All rights reserved.
Your use of Intel Corporation's design tools, logic functions 
and other software and tools, and its AMPP partner logic 
functions, and any output files from any of the foregoing 
(including device programming or simulation files), and any 
associated documentation or information are expressly subject 
to the terms and conditions of the Intel Program License 
Subscription Agreement, the Intel Quartus Prime License Agreement,
the Intel MegaCore Function License Agreement, or other 
applicable license agreement, including, without limitation, 
that your use is for the sole purpose of programming logic 
devices manufactured by Intel and sold by Intel or its 
authorized distributors.  Please refer to the applicable 
agreement for further details.



+-------------------------------------------------------------------------------+
; Analysis & Synthesis Summary                                                  ;
+---------------------------------+---------------------------------------------+
; Analysis & Synthesis Status     ; Successful - Wed Nov 13 22:43:32 2024       ;
; Quartus Prime Version           ; 17.0.0 Build 595 04/25/2017 SJ Lite Edition ;
; Revision Name                   ; lab4                                        ;
; Top-level Entity Name           ; De1SoC                                      ;
; Family                          ; Cyclone V                                   ;
; Logic utilization (in ALMs)     ; N/A                                         ;
; Total registers                 ; 17                                          ;
; Total pins                      ; 67                                          ;
; Total virtual pins              ; 0                                           ;
; Total block memory bits         ; 256                                         ;
; Total DSP Blocks                ; 0                                           ;
; Total HSSI RX PCSs              ; 0                                           ;
; Total HSSI PMA RX Deserializers ; 0                                           ;
; Total HSSI TX PCSs              ; 0                                           ;
; Total HSSI PMA TX Serializers   ; 0                                           ;
; Total PLLs                      ; 0                                           ;
; Total DLLs                      ; 0                                           ;
+---------------------------------+---------------------------------------------+


+---------------------------------------------------------------------------------------------------------------------------+
; Analysis & Synthesis Settings                                                                                             ;
+---------------------------------------------------------------------------------+--------------------+--------------------+
; Option                                                                          ; Setting            ; Default Value      ;
+---------------------------------------------------------------------------------+--------------------+--------------------+
; Device                                                                          ; 5CGXFC7C7F23C8     ;                    ;
; Top-level entity name                                                           ; De1SoC             ; lab4               ;
; Family name                                                                     ; Cyclone V          ; Cyclone V          ;
; Use smart compilation                                                           ; Off                ; Off                ;
; Enable parallel Assembler and TimeQuest Timing Analyzer during compilation      ; On                 ; On                 ;
; Enable compact report table                                                     ; Off                ; Off                ;
; Restructure Multiplexers                                                        ; Auto               ; Auto               ;
; MLAB Add Timing Constraints For Mixed-Port Feed-Through Mode Setting Don't Care ; Off                ; Off                ;
; Create Debugging Nodes for IP Cores                                             ; Off                ; Off                ;
; Preserve fewer node names                                                       ; On                 ; On                 ;
; OpenCore Plus hardware evaluation                                               ; Enable             ; Enable             ;
; Verilog Version                                                                 ; Verilog_2001       ; Verilog_2001       ;
; VHDL Version                                                                    ; VHDL_1993          ; VHDL_1993          ;
; State Machine Processing                                                        ; Auto               ; Auto               ;
; Safe State Machine                                                              ; Off                ; Off                ;
; Extract Verilog State Machines                                                  ; On                 ; On                 ;
; Extract VHDL State Machines                                                     ; On                 ; On                 ;
; Ignore Verilog initial constructs                                               ; Off                ; Off                ;
; Iteration limit for constant Verilog loops                                      ; 5000               ; 5000               ;
; Iteration limit for non-constant Verilog loops                                  ; 250                ; 250                ;
; Add Pass-Through Logic to Inferred RAMs                                         ; On                 ; On                 ;
; Infer RAMs from Raw Logic                                                       ; On                 ; On                 ;
; Parallel Synthesis                                                              ; On                 ; On                 ;
; DSP Block Balancing                                                             ; Auto               ; Auto               ;
; NOT Gate Push-Back                                                              ; On                 ; On                 ;
; Power-Up Don't Care                                                             ; On                 ; On                 ;
; Remove Redundant Logic Cells                                                    ; Off                ; Off                ;
; Remove Duplicate Registers                                                      ; On                 ; On                 ;
; Ignore CARRY Buffers                                                            ; Off                ; Off                ;
; Ignore CASCADE Buffers                                                          ; Off                ; Off                ;
; Ignore GLOBAL Buffers                                                           ; Off                ; Off                ;
; Ignore ROW GLOBAL Buffers                                                       ; Off                ; Off                ;
; Ignore LCELL Buffers                                                            ; Off                ; Off                ;
; Ignore SOFT Buffers                                                             ; On                 ; On                 ;
; Limit AHDL Integers to 32 Bits                                                  ; Off                ; Off                ;
; Optimization Technique                                                          ; Balanced           ; Balanced           ;
; Carry Chain Length                                                              ; 70                 ; 70                 ;
; Auto Carry Chains                                                               ; On                 ; On                 ;
; Auto Open-Drain Pins                                                            ; On                 ; On                 ;
; Perform WYSIWYG Primitive Resynthesis                                           ; Off                ; Off                ;
; Auto ROM Replacement                                                            ; On                 ; On                 ;
; Auto RAM Replacement                                                            ; On                 ; On                 ;
; Auto DSP Block Replacement                                                      ; On                 ; On                 ;
; Auto Shift Register Replacement                                                 ; Auto               ; Auto               ;
; Allow Shift Register Merging across Hierarchies                                 ; Auto               ; Auto               ;
; Auto Clock Enable Replacement                                                   ; On                 ; On                 ;
; Strict RAM Replacement                                                          ; Off                ; Off                ;
; Allow Synchronous Control Signals                                               ; On                 ; On                 ;
; Force Use of Synchronous Clear Signals                                          ; Off                ; Off                ;
; Auto Resource Sharing                                                           ; Off                ; Off                ;
; Allow Any RAM Size For Recognition                                              ; Off                ; Off                ;
; Allow Any ROM Size For Recognition                                              ; Off                ; Off                ;
; Allow Any Shift Register Size For Recognition                                   ; Off                ; Off                ;
; Use LogicLock Constraints during Resource Balancing                             ; On                 ; On                 ;
; Ignore translate_off and synthesis_off directives                               ; Off                ; Off                ;
; Timing-Driven Synthesis                                                         ; On                 ; On                 ;
; Report Parameter Settings                                                       ; On                 ; On                 ;
; Report Source Assignments                                                       ; On                 ; On                 ;
; Report Connectivity Checks                                                      ; On                 ; On                 ;
; Ignore Maximum Fan-Out Assignments                                              ; Off                ; Off                ;
; Synchronization Register Chain Length                                           ; 3                  ; 3                  ;
; PowerPlay Power Optimization During Synthesis                                   ; Normal compilation ; Normal compilation ;
; HDL message level                                                               ; Level2             ; Level2             ;
; Suppress Register Optimization Related Messages                                 ; Off                ; Off                ;
; Number of Removed Registers Reported in Synthesis Report                        ; 5000               ; 5000               ;
; Number of Swept Nodes Reported in Synthesis Report                              ; 5000               ; 5000               ;
; Number of Inverted Registers Reported in Synthesis Report                       ; 100                ; 100                ;
; Clock MUX Protection                                                            ; On                 ; On                 ;
; Auto Gated Clock Conversion                                                     ; Off                ; Off                ;
; Block Design Naming                                                             ; Auto               ; Auto               ;
; SDC constraint protection                                                       ; Off                ; Off                ;
; Synthesis Effort                                                                ; Auto               ; Auto               ;
; Shift Register Replacement - Allow Asynchronous Clear Signal                    ; On                 ; On                 ;
; Pre-Mapping Resynthesis Optimization                                            ; Off                ; Off                ;
; Analysis & Synthesis Message Level                                              ; Medium             ; Medium             ;
; Disable Register Merging Across Hierarchies                                     ; Auto               ; Auto               ;
; Resource Aware Inference For Block RAM                                          ; On                 ; On                 ;
; Automatic Parallel Synthesis                                                    ; On                 ; On                 ;
; Partial Reconfiguration Bitstream ID                                            ; Off                ; Off                ;
+---------------------------------------------------------------------------------+--------------------+--------------------+


+------------------------------------------+
; Parallel Compilation                     ;
+----------------------------+-------------+
; Processors                 ; Number      ;
+----------------------------+-------------+
; Number detected on machine ; 8           ;
; Maximum allowed            ; 4           ;
;                            ;             ;
; Average used               ; 1.00        ;
; Maximum used               ; 4           ;
;                            ;             ;
; Usage by Processor         ; % Time Used ;
;     Processor 1            ; 100.0%      ;
;     Processors 2-4         ;   0.0%      ;
+----------------------------+-------------+


+--------------------------------------------------------------------------------------------------------------------------------------------------------------------------------+
; Analysis & Synthesis Source Files Read                                                                                                                                         ;
+----------------------------------+-----------------+----------------------------------+------------------------------------------------------------------------------+---------+
; File Name with User-Entered Path ; Used in Netlist ; File Type                        ; File Name with Absolute Path                                                 ; Library ;
+----------------------------------+-----------------+----------------------------------+------------------------------------------------------------------------------+---------+
; seg7.sv                          ; yes             ; User SystemVerilog HDL File      ; C:/Users/aidan/Downloads/lab4/lab4/seg7.sv                                   ;         ;
; task2.sv                         ; yes             ; User SystemVerilog HDL File      ; C:/Users/aidan/Downloads/lab4/lab4/task2.sv                                  ;         ;
; ram32x8.v                        ; yes             ; User Wizard-Generated File       ; C:/Users/aidan/Downloads/lab4/lab4/ram32x8.v                                 ;         ;
; my_array.mif                     ; yes             ; User Memory Initialization File  ; C:/Users/aidan/Downloads/lab4/lab4/my_array.mif                              ;         ;
; De1SoC.sv                        ; yes             ; User SystemVerilog HDL File      ; C:/Users/aidan/Downloads/lab4/lab4/De1SoC.sv                                 ;         ;
; task2_datapath.sv                ; yes             ; User SystemVerilog HDL File      ; C:/Users/aidan/Downloads/lab4/lab4/task2_datapath.sv                         ;         ;
; task2_control.sv                 ; yes             ; User SystemVerilog HDL File      ; C:/Users/aidan/Downloads/lab4/lab4/task2_control.sv                          ;         ;
; altsyncram.tdf                   ; yes             ; Megafunction                     ; c:/intelfpga_lite/17.0/quartus/libraries/megafunctions/altsyncram.tdf        ;         ;
; stratix_ram_block.inc            ; yes             ; Megafunction                     ; c:/intelfpga_lite/17.0/quartus/libraries/megafunctions/stratix_ram_block.inc ;         ;
; lpm_mux.inc                      ; yes             ; Megafunction                     ; c:/intelfpga_lite/17.0/quartus/libraries/megafunctions/lpm_mux.inc           ;         ;
; lpm_decode.inc                   ; yes             ; Megafunction                     ; c:/intelfpga_lite/17.0/quartus/libraries/megafunctions/lpm_decode.inc        ;         ;
; aglobal170.inc                   ; yes             ; Megafunction                     ; c:/intelfpga_lite/17.0/quartus/libraries/megafunctions/aglobal170.inc        ;         ;
; a_rdenreg.inc                    ; yes             ; Megafunction                     ; c:/intelfpga_lite/17.0/quartus/libraries/megafunctions/a_rdenreg.inc         ;         ;
; altrom.inc                       ; yes             ; Megafunction                     ; c:/intelfpga_lite/17.0/quartus/libraries/megafunctions/altrom.inc            ;         ;
; altram.inc                       ; yes             ; Megafunction                     ; c:/intelfpga_lite/17.0/quartus/libraries/megafunctions/altram.inc            ;         ;
; altdpram.inc                     ; yes             ; Megafunction                     ; c:/intelfpga_lite/17.0/quartus/libraries/megafunctions/altdpram.inc          ;         ;
; db/altsyncram_3gq1.tdf           ; yes             ; Auto-Generated Megafunction      ; C:/Users/aidan/Downloads/lab4/lab4/db/altsyncram_3gq1.tdf                    ;         ;
+----------------------------------+-----------------+----------------------------------+------------------------------------------------------------------------------+---------+


+--------------------------------------------------------------+
; Analysis & Synthesis Resource Usage Summary                  ;
+---------------------------------------------+----------------+
; Resource                                    ; Usage          ;
+---------------------------------------------+----------------+
; Estimate of Logic utilization (ALMs needed) ; 57             ;
;                                             ;                ;
; Combinational ALUT usage for logic          ; 82             ;
;     -- 7 input functions                    ; 1              ;
;     -- 6 input functions                    ; 31             ;
;     -- 5 input functions                    ; 3              ;
;     -- 4 input functions                    ; 17             ;
;     -- <=3 input functions                  ; 30             ;
;                                             ;                ;
; Dedicated logic registers                   ; 17             ;
;                                             ;                ;
; I/O pins                                    ; 67             ;
; Total MLAB memory bits                      ; 0              ;
; Total block memory bits                     ; 256            ;
;                                             ;                ;
; Total DSP Blocks                            ; 0              ;
;                                             ;                ;
; Maximum fan-out node                        ; CLOCK_50~input ;
; Maximum fan-out                             ; 25             ;
; Total fan-out                               ; 516            ;
; Average fan-out                             ; 2.14           ;
+---------------------------------------------+----------------+


+----------------------------------------------------------------------------------------------------------------------------------------------------------------------------------------------------------------------------------------------------------------------------------------------------------------------+
; Analysis & Synthesis Resource Utilization by Entity                                                                                                                                                                                                                                                                  ;
+-------------------------------------------------+---------------------+---------------------------+-------------------+------------+------+--------------+--------------------------------------------------------------------------------------------------------------------------+-----------------+--------------+
; Compilation Hierarchy Node                      ; Combinational ALUTs ; Dedicated Logic Registers ; Block Memory Bits ; DSP Blocks ; Pins ; Virtual Pins ; Full Hierarchy Name                                                                                                      ; Entity Name     ; Library Name ;
+-------------------------------------------------+---------------------+---------------------------+-------------------+------------+------+--------------+--------------------------------------------------------------------------------------------------------------------------+-----------------+--------------+
; |De1SoC                                         ; 82 (1)              ; 17 (0)                    ; 256               ; 0          ; 67   ; 0            ; |De1SoC                                                                                                                  ; De1SoC          ; work         ;
;    |seg7:disp0|                                 ; 7 (7)               ; 0 (0)                     ; 0                 ; 0          ; 0    ; 0            ; |De1SoC|seg7:disp0                                                                                                       ; seg7            ; work         ;
;    |task2:taskDisp2|                            ; 74 (0)              ; 17 (0)                    ; 256               ; 0          ; 0    ; 0            ; |De1SoC|task2:taskDisp2                                                                                                  ; task2           ; work         ;
;       |task2_control:c_unit|                    ; 74 (74)             ; 17 (17)                   ; 0                 ; 0          ; 0    ; 0            ; |De1SoC|task2:taskDisp2|task2_control:c_unit                                                                             ; task2_control   ; work         ;
;       |task2_datapath:d_unit|                   ; 0 (0)               ; 0 (0)                     ; 256               ; 0          ; 0    ; 0            ; |De1SoC|task2:taskDisp2|task2_datapath:d_unit                                                                            ; task2_datapath  ; work         ;
;          |ram32x8:ram|                          ; 0 (0)               ; 0 (0)                     ; 256               ; 0          ; 0    ; 0            ; |De1SoC|task2:taskDisp2|task2_datapath:d_unit|ram32x8:ram                                                                ; ram32x8         ; work         ;
;             |altsyncram:altsyncram_component|   ; 0 (0)               ; 0 (0)                     ; 256               ; 0          ; 0    ; 0            ; |De1SoC|task2:taskDisp2|task2_datapath:d_unit|ram32x8:ram|altsyncram:altsyncram_component                                ; altsyncram      ; work         ;
;                |altsyncram_3gq1:auto_generated| ; 0 (0)               ; 0 (0)                     ; 256               ; 0          ; 0    ; 0            ; |De1SoC|task2:taskDisp2|task2_datapath:d_unit|ram32x8:ram|altsyncram:altsyncram_component|altsyncram_3gq1:auto_generated ; altsyncram_3gq1 ; work         ;
+-------------------------------------------------+---------------------+---------------------------+-------------------+------------+------+--------------+--------------------------------------------------------------------------------------------------------------------------+-----------------+--------------+
Note: For table entries with two numbers listed, the numbers in parentheses indicate the number of resources of the given type used by the specific entity alone. The numbers listed outside of parentheses indicate the total resources of the given type used by the specific entity and all of its sub-entities in the hierarchy.


+------------------------------------------------------------------------------------------------------------------------------------------------------------------------------------------------------------------------------------------+
; Analysis & Synthesis RAM Summary                                                                                                                                                                                                         ;
+-----------------------------------------------------------------------------------------------------------------------------+------------+-------------+--------------+--------------+--------------+--------------+------+--------------+
; Name                                                                                                                        ; Type       ; Mode        ; Port A Depth ; Port A Width ; Port B Depth ; Port B Width ; Size ; MIF          ;
+-----------------------------------------------------------------------------------------------------------------------------+------------+-------------+--------------+--------------+--------------+--------------+------+--------------+
; task2:taskDisp2|task2_datapath:d_unit|ram32x8:ram|altsyncram:altsyncram_component|altsyncram_3gq1:auto_generated|ALTSYNCRAM ; M10K block ; Single Port ; 32           ; 8            ; --           ; --           ; 256  ; my_array.mif ;
+-----------------------------------------------------------------------------------------------------------------------------+------------+-------------+--------------+--------------+--------------+--------------+------+--------------+


+---------------------------------------------------------------------------------------------------------------------------------------------+
; Analysis & Synthesis IP Cores Summary                                                                                                       ;
+--------+--------------+---------+--------------+--------------+-----------------------------------------------------------+-----------------+
; Vendor ; IP Core Name ; Version ; Release Date ; License Type ; Entity Instance                                           ; IP Include File ;
+--------+--------------+---------+--------------+--------------+-----------------------------------------------------------+-----------------+
; Altera ; RAM: 1-PORT  ; 17.0    ; N/A          ; N/A          ; |De1SoC|task2:taskDisp2|task2_datapath:d_unit|ram32x8:ram ; ram32x8.v       ;
+--------+--------------+---------+--------------+--------------+-----------------------------------------------------------+-----------------+


Encoding Type:  One-Hot
+-----------------------------------------------------------------+
; State Machine - |De1SoC|task2:taskDisp2|task2_control:c_unit|ps ;
+-------+-------+-------+-------+-------+-------------------------+
; Name  ; ps.S4 ; ps.S3 ; ps.S2 ; ps.S1 ; ps.S5                   ;
+-------+-------+-------+-------+-------+-------------------------+
; ps.S1 ; 0     ; 0     ; 0     ; 0     ; 0                       ;
; ps.S2 ; 0     ; 0     ; 1     ; 1     ; 0                       ;
; ps.S3 ; 0     ; 1     ; 0     ; 1     ; 0                       ;
; ps.S4 ; 1     ; 0     ; 0     ; 1     ; 0                       ;
; ps.S5 ; 0     ; 0     ; 0     ; 1     ; 1                       ;
+-------+-------+-------+-------+-------+-------------------------+


+----------------------------------------------------------------+
; Registers Removed During Synthesis                             ;
+-------------------------------------------+--------------------+
; Register name                             ; Reason for Removal ;
+-------------------------------------------+--------------------+
; task2:taskDisp2|task2_control:c_unit|ps~2 ; Lost fanout        ;
; task2:taskDisp2|task2_control:c_unit|ps~3 ; Lost fanout        ;
; Total Number of Removed Registers = 2     ;                    ;
+-------------------------------------------+--------------------+


+------------------------------------------------------+
; General Register Statistics                          ;
+----------------------------------------------+-------+
; Statistic                                    ; Value ;
+----------------------------------------------+-------+
; Total registers                              ; 17    ;
; Number of registers using Synchronous Clear  ; 0     ;
; Number of registers using Synchronous Load   ; 0     ;
; Number of registers using Asynchronous Clear ; 0     ;
; Number of registers using Asynchronous Load  ; 0     ;
; Number of registers using Clock Enable       ; 0     ;
; Number of registers using Preset             ; 0     ;
+----------------------------------------------+-------+


+---------------------------------------------------------------------------------------------------------------------------------------------------------------------------+
; Multiplexer Restructuring Statistics (Restructuring Performed)                                                                                                            ;
+--------------------+-----------+---------------+----------------------+------------------------+------------+-------------------------------------------------------------+
; Multiplexer Inputs ; Bus Width ; Baseline Area ; Area if Restructured ; Saving if Restructured ; Registered ; Example Multiplexer Output                                  ;
+--------------------+-----------+---------------+----------------------+------------------------+------------+-------------------------------------------------------------+
; 4:1                ; 6 bits    ; 12 LEs        ; 12 LEs               ; 0 LEs                  ; Yes        ; |De1SoC|task2:taskDisp2|task2_control:c_unit|lower_bound[0] ;
; 4:1                ; 5 bits    ; 10 LEs        ; 10 LEs               ; 0 LEs                  ; Yes        ; |De1SoC|task2:taskDisp2|task2_control:c_unit|upper_bound[4] ;
; 3:1                ; 5 bits    ; 10 LEs        ; 10 LEs               ; 0 LEs                  ; No         ; |De1SoC|task2:taskDisp2|task2_control:c_unit|loc[0]         ;
+--------------------+-----------+---------------+----------------------+------------------------+------------+-------------------------------------------------------------+


+-----------------------------------------------------------------------------------------------------------------------------------------+
; Source assignments for task2:taskDisp2|task2_datapath:d_unit|ram32x8:ram|altsyncram:altsyncram_component|altsyncram_3gq1:auto_generated ;
+---------------------------------+--------------------+------+---------------------------------------------------------------------------+
; Assignment                      ; Value              ; From ; To                                                                        ;
+---------------------------------+--------------------+------+---------------------------------------------------------------------------+
; OPTIMIZE_POWER_DURING_SYNTHESIS ; NORMAL_COMPILATION ; -    ; -                                                                         ;
+---------------------------------+--------------------+------+---------------------------------------------------------------------------+


+--------------------------------------------------------------------------------------------------------------------------------+
; Parameter Settings for User Entity Instance: task2:taskDisp2|task2_datapath:d_unit|ram32x8:ram|altsyncram:altsyncram_component ;
+------------------------------------+----------------------+--------------------------------------------------------------------+
; Parameter Name                     ; Value                ; Type                                                               ;
+------------------------------------+----------------------+--------------------------------------------------------------------+
; BYTE_SIZE_BLOCK                    ; 8                    ; Untyped                                                            ;
; AUTO_CARRY_CHAINS                  ; ON                   ; AUTO_CARRY                                                         ;
; IGNORE_CARRY_BUFFERS               ; OFF                  ; IGNORE_CARRY                                                       ;
; AUTO_CASCADE_CHAINS                ; ON                   ; AUTO_CASCADE                                                       ;
; IGNORE_CASCADE_BUFFERS             ; OFF                  ; IGNORE_CASCADE                                                     ;
; WIDTH_BYTEENA                      ; 1                    ; Untyped                                                            ;
; OPERATION_MODE                     ; SINGLE_PORT          ; Untyped                                                            ;
; WIDTH_A                            ; 8                    ; Signed Integer                                                     ;
; WIDTHAD_A                          ; 5                    ; Signed Integer                                                     ;
; NUMWORDS_A                         ; 32                   ; Signed Integer                                                     ;
; OUTDATA_REG_A                      ; UNREGISTERED         ; Untyped                                                            ;
; ADDRESS_ACLR_A                     ; NONE                 ; Untyped                                                            ;
; OUTDATA_ACLR_A                     ; NONE                 ; Untyped                                                            ;
; WRCONTROL_ACLR_A                   ; NONE                 ; Untyped                                                            ;
; INDATA_ACLR_A                      ; NONE                 ; Untyped                                                            ;
; BYTEENA_ACLR_A                     ; NONE                 ; Untyped                                                            ;
; WIDTH_B                            ; 1                    ; Untyped                                                            ;
; WIDTHAD_B                          ; 1                    ; Untyped                                                            ;
; NUMWORDS_B                         ; 1                    ; Untyped                                                            ;
; INDATA_REG_B                       ; CLOCK1               ; Untyped                                                            ;
; WRCONTROL_WRADDRESS_REG_B          ; CLOCK1               ; Untyped                                                            ;
; RDCONTROL_REG_B                    ; CLOCK1               ; Untyped                                                            ;
; ADDRESS_REG_B                      ; CLOCK1               ; Untyped                                                            ;
; OUTDATA_REG_B                      ; UNREGISTERED         ; Untyped                                                            ;
; BYTEENA_REG_B                      ; CLOCK1               ; Untyped                                                            ;
; INDATA_ACLR_B                      ; NONE                 ; Untyped                                                            ;
; WRCONTROL_ACLR_B                   ; NONE                 ; Untyped                                                            ;
; ADDRESS_ACLR_B                     ; NONE                 ; Untyped                                                            ;
; OUTDATA_ACLR_B                     ; NONE                 ; Untyped                                                            ;
; RDCONTROL_ACLR_B                   ; NONE                 ; Untyped                                                            ;
; BYTEENA_ACLR_B                     ; NONE                 ; Untyped                                                            ;
; WIDTH_BYTEENA_A                    ; 1                    ; Signed Integer                                                     ;
; WIDTH_BYTEENA_B                    ; 1                    ; Untyped                                                            ;
; RAM_BLOCK_TYPE                     ; M10K                 ; Untyped                                                            ;
; BYTE_SIZE                          ; 8                    ; Untyped                                                            ;
; READ_DURING_WRITE_MODE_MIXED_PORTS ; DONT_CARE            ; Untyped                                                            ;
; READ_DURING_WRITE_MODE_PORT_A      ; NEW_DATA_NO_NBE_READ ; Untyped                                                            ;
; READ_DURING_WRITE_MODE_PORT_B      ; NEW_DATA_NO_NBE_READ ; Untyped                                                            ;
; INIT_FILE                          ; my_array.mif         ; Untyped                                                            ;
; INIT_FILE_LAYOUT                   ; PORT_A               ; Untyped                                                            ;
; MAXIMUM_DEPTH                      ; 0                    ; Untyped                                                            ;
; CLOCK_ENABLE_INPUT_A               ; BYPASS               ; Untyped                                                            ;
; CLOCK_ENABLE_INPUT_B               ; NORMAL               ; Untyped                                                            ;
; CLOCK_ENABLE_OUTPUT_A              ; BYPASS               ; Untyped                                                            ;
; CLOCK_ENABLE_OUTPUT_B              ; NORMAL               ; Untyped                                                            ;
; CLOCK_ENABLE_CORE_A                ; USE_INPUT_CLKEN      ; Untyped                                                            ;
; CLOCK_ENABLE_CORE_B                ; USE_INPUT_CLKEN      ; Untyped                                                            ;
; ENABLE_ECC                         ; FALSE                ; Untyped                                                            ;
; ECC_PIPELINE_STAGE_ENABLED         ; FALSE                ; Untyped                                                            ;
; WIDTH_ECCSTATUS                    ; 3                    ; Untyped                                                            ;
; DEVICE_FAMILY                      ; Cyclone V            ; Untyped                                                            ;
; CBXI_PARAMETER                     ; altsyncram_3gq1      ; Untyped                                                            ;
+------------------------------------+----------------------+--------------------------------------------------------------------+
Note: In order to hide this table in the UI and the text report file, please set the "Show Parameter Settings in Synthesis Report" option in "Analysis and Synthesis Settings -> More Settings" to "Off".


+-----------------------------------------------------------------------------------+
; Parameter Settings for User Entity Instance: task2:taskDisp2|task2_control:c_unit ;
+----------------+-------+----------------------------------------------------------+
; Parameter Name ; Value ; Type                                                     ;
+----------------+-------+----------------------------------------------------------+
; S1             ; 000   ; Unsigned Binary                                          ;
; S2             ; 001   ; Unsigned Binary                                          ;
; S3             ; 010   ; Unsigned Binary                                          ;
; S4             ; 011   ; Unsigned Binary                                          ;
; S5             ; 100   ; Unsigned Binary                                          ;
+----------------+-------+----------------------------------------------------------+
Note: In order to hide this table in the UI and the text report file, please set the "Show Parameter Settings in Synthesis Report" option in "Analysis and Synthesis Settings -> More Settings" to "Off".


+-------------------------------------------------------------------------------------------------------------------------------+
; altsyncram Parameter Settings by Entity Instance                                                                              ;
+-------------------------------------------+-----------------------------------------------------------------------------------+
; Name                                      ; Value                                                                             ;
+-------------------------------------------+-----------------------------------------------------------------------------------+
; Number of entity instances                ; 1                                                                                 ;
; Entity Instance                           ; task2:taskDisp2|task2_datapath:d_unit|ram32x8:ram|altsyncram:altsyncram_component ;
;     -- OPERATION_MODE                     ; SINGLE_PORT                                                                       ;
;     -- WIDTH_A                            ; 8                                                                                 ;
;     -- NUMWORDS_A                         ; 32                                                                                ;
;     -- OUTDATA_REG_A                      ; UNREGISTERED                                                                      ;
;     -- WIDTH_B                            ; 1                                                                                 ;
;     -- NUMWORDS_B                         ; 1                                                                                 ;
;     -- ADDRESS_REG_B                      ; CLOCK1                                                                            ;
;     -- OUTDATA_REG_B                      ; UNREGISTERED                                                                      ;
;     -- RAM_BLOCK_TYPE                     ; M10K                                                                              ;
;     -- READ_DURING_WRITE_MODE_MIXED_PORTS ; DONT_CARE                                                                         ;
+-------------------------------------------+-----------------------------------------------------------------------------------+


+------------------------------------------------------------------------------------------------------------------------------------------------------------------------------------------------------------+
; Port Connectivity Checks: "seg7:disp0"                                                                                                                                                                     ;
+------+-------+----------+----------------------------------------------------------------------------------------------------------------------------------------------------------------------------------+
; Port ; Type  ; Severity ; Details                                                                                                                                                                          ;
+------+-------+----------+----------------------------------------------------------------------------------------------------------------------------------------------------------------------------------+
; hex  ; Input ; Warning  ; Input port expression (7 bits) is wider than the input port (4 bits) it drives.  The 3 most-significant bit(s) in the expression will be dangling if they have no other fanouts. ;
+------+-------+----------+----------------------------------------------------------------------------------------------------------------------------------------------------------------------------------+


+-----------------------------------------------------------------------------------------------------------------------------------------------------------------------+
; Port Connectivity Checks: "seg7:disp1"                                                                                                                                ;
+------+-------+----------+---------------------------------------------------------------------------------------------------------------------------------------------+
; Port ; Type  ; Severity ; Details                                                                                                                                     ;
+------+-------+----------+---------------------------------------------------------------------------------------------------------------------------------------------+
; hex  ; Input ; Warning  ; Input port expression (1 bits) is smaller than the input port (4 bits) it drives.  Extra input bit(s) "hex[3..1]" will be connected to GND. ;
+------+-------+----------+---------------------------------------------------------------------------------------------------------------------------------------------+


+------------------------------------------------------------------------------------------------------------------------------------------------------------------------+
; Port Connectivity Checks: "task2:taskDisp2|task2_datapath:d_unit|ram32x8:ram"                                                                                          ;
+------+-------+----------+----------------------------------------------------------------------------------------------------------------------------------------------+
; Port ; Type  ; Severity ; Details                                                                                                                                      ;
+------+-------+----------+----------------------------------------------------------------------------------------------------------------------------------------------+
; data ; Input ; Warning  ; Input port expression (1 bits) is smaller than the input port (8 bits) it drives.  Extra input bit(s) "data[7..1]" will be connected to GND. ;
; data ; Input ; Info     ; Stuck at VCC                                                                                                                                 ;
; wren ; Input ; Info     ; Stuck at GND                                                                                                                                 ;
+------+-------+----------+----------------------------------------------------------------------------------------------------------------------------------------------+


+-----------------------------------------------------+
; Post-Synthesis Netlist Statistics for Top Partition ;
+-----------------------+-----------------------------+
; Type                  ; Count                       ;
+-----------------------+-----------------------------+
; arriav_ff             ; 17                          ;
;     plain             ; 17                          ;
; arriav_lcell_comb     ; 90                          ;
;     arith             ; 5                           ;
;         2 data inputs ; 5                           ;
;     extend            ; 1                           ;
;         7 data inputs ; 1                           ;
;     normal            ; 77                          ;
;         0 data inputs ; 2                           ;
;         1 data inputs ; 8                           ;
;         2 data inputs ; 12                          ;
;         3 data inputs ; 4                           ;
;         4 data inputs ; 17                          ;
;         5 data inputs ; 3                           ;
;         6 data inputs ; 31                          ;
;     shared            ; 7                           ;
;         0 data inputs ; 1                           ;
;         2 data inputs ; 6                           ;
; boundary_port         ; 67                          ;
; stratixv_ram_block    ; 8                           ;
;                       ;                             ;
; Max LUT depth         ; 6.20                        ;
; Average LUT depth     ; 4.52                        ;
+-----------------------+-----------------------------+


+-------------------------------+
; Elapsed Time Per Partition    ;
+----------------+--------------+
; Partition Name ; Elapsed Time ;
+----------------+--------------+
; Top            ; 00:00:01     ;
+----------------+--------------+


+-------------------------------+
; Analysis & Synthesis Messages ;
+-------------------------------+
Info: *******************************************************************
Info: Running Quartus Prime Analysis & Synthesis
    Info: Version 17.0.0 Build 595 04/25/2017 SJ Lite Edition
    Info: Processing started: Wed Nov 13 22:43:15 2024
Info: Command: quartus_map --read_settings_files=on --write_settings_files=off lab4 -c lab4
Warning (18236): Number of processors has not been specified which may cause overloading on shared machines.  Set the global assignment NUM_PARALLEL_PROCESSORS in your QSF to an appropriate value for best performance.
Info (20030): Parallel compilation is enabled and will use 4 of the 4 processors detected
Info (12021): Found 2 design units, including 2 entities, in source file seg7.sv
    Info (12023): Found entity 1: seg7 File: C:/Users/aidan/Downloads/lab4/lab4/seg7.sv Line: 10
    Info (12023): Found entity 2: seg7_tb File: C:/Users/aidan/Downloads/lab4/lab4/seg7.sv Line: 37
Info (12021): Found 2 design units, including 2 entities, in source file task2.sv
    Info (12023): Found entity 1: task2 File: C:/Users/aidan/Downloads/lab4/lab4/task2.sv Line: 22
    Info (12023): Found entity 2: task2_tb File: C:/Users/aidan/Downloads/lab4/lab4/task2.sv Line: 40
Info (12021): Found 1 design units, including 1 entities, in source file ram32x8.v
    Info (12023): Found entity 1: ram32x8 File: C:/Users/aidan/Downloads/lab4/lab4/ram32x8.v Line: 40
Info (12021): Found 2 design units, including 2 entities, in source file de1soc.sv
    Info (12023): Found entity 1: De1SoC File: C:/Users/aidan/Downloads/lab4/lab4/De1SoC.sv Line: 22
    Info (12023): Found entity 2: De1SoC_tb File: C:/Users/aidan/Downloads/lab4/lab4/De1SoC.sv Line: 68
Info (12021): Found 2 design units, including 2 entities, in source file task2_datapath.sv
    Info (12023): Found entity 1: task2_datapath File: C:/Users/aidan/Downloads/lab4/lab4/task2_datapath.sv Line: 15
    Info (12023): Found entity 2: datapath_tb File: C:/Users/aidan/Downloads/lab4/lab4/task2_datapath.sv Line: 31
Info (12021): Found 2 design units, including 2 entities, in source file task2_control.sv
    Info (12023): Found entity 1: task2_control File: C:/Users/aidan/Downloads/lab4/lab4/task2_control.sv Line: 22
    Info (12023): Found entity 2: control_tb File: C:/Users/aidan/Downloads/lab4/lab4/task2_control.sv Line: 136
Info (12127): Elaborating entity "De1SoC" for the top level hierarchy
Info (12128): Elaborating entity "task2" for hierarchy "task2:taskDisp2" File: C:/Users/aidan/Downloads/lab4/lab4/De1SoC.sv Line: 53
Info (12128): Elaborating entity "task2_datapath" for hierarchy "task2:taskDisp2|task2_datapath:d_unit" File: C:/Users/aidan/Downloads/lab4/lab4/task2.sv Line: 34
Info (12128): Elaborating entity "ram32x8" for hierarchy "task2:taskDisp2|task2_datapath:d_unit|ram32x8:ram" File: C:/Users/aidan/Downloads/lab4/lab4/task2_datapath.sv Line: 27
Info (12128): Elaborating entity "altsyncram" for hierarchy "task2:taskDisp2|task2_datapath:d_unit|ram32x8:ram|altsyncram:altsyncram_component" File: C:/Users/aidan/Downloads/lab4/lab4/ram32x8.v Line: 86
Info (12130): Elaborated megafunction instantiation "task2:taskDisp2|task2_datapath:d_unit|ram32x8:ram|altsyncram:altsyncram_component" File: C:/Users/aidan/Downloads/lab4/lab4/ram32x8.v Line: 86
Info (12133): Instantiated megafunction "task2:taskDisp2|task2_datapath:d_unit|ram32x8:ram|altsyncram:altsyncram_component" with the following parameter: File: C:/Users/aidan/Downloads/lab4/lab4/ram32x8.v Line: 86
    Info (12134): Parameter "clock_enable_input_a" = "BYPASS"
    Info (12134): Parameter "clock_enable_output_a" = "BYPASS"
    Info (12134): Parameter "init_file" = "my_array.mif"
    Info (12134): Parameter "intended_device_family" = "Cyclone V"
    Info (12134): Parameter "lpm_hint" = "ENABLE_RUNTIME_MOD=NO"
    Info (12134): Parameter "lpm_type" = "altsyncram"
    Info (12134): Parameter "numwords_a" = "32"
    Info (12134): Parameter "operation_mode" = "SINGLE_PORT"
    Info (12134): Parameter "outdata_aclr_a" = "NONE"
    Info (12134): Parameter "outdata_reg_a" = "UNREGISTERED"
    Info (12134): Parameter "power_up_uninitialized" = "FALSE"
    Info (12134): Parameter "ram_block_type" = "M10K"
    Info (12134): Parameter "read_during_write_mode_port_a" = "NEW_DATA_NO_NBE_READ"
    Info (12134): Parameter "widthad_a" = "5"
    Info (12134): Parameter "width_a" = "8"
    Info (12134): Parameter "width_byteena_a" = "1"
Info (12021): Found 1 design units, including 1 entities, in source file db/altsyncram_3gq1.tdf
    Info (12023): Found entity 1: altsyncram_3gq1 File: C:/Users/aidan/Downloads/lab4/lab4/db/altsyncram_3gq1.tdf Line: 28
Info (12128): Elaborating entity "altsyncram_3gq1" for hierarchy "task2:taskDisp2|task2_datapath:d_unit|ram32x8:ram|altsyncram:altsyncram_component|altsyncram_3gq1:auto_generated" File: c:/intelfpga_lite/17.0/quartus/libraries/megafunctions/altsyncram.tdf Line: 792
Info (12128): Elaborating entity "task2_control" for hierarchy "task2:taskDisp2|task2_control:c_unit" File: C:/Users/aidan/Downloads/lab4/lab4/task2.sv Line: 35
Info (10264): Verilog HDL Case Statement information at task2_control.sv(77): all case item expressions in this case statement are onehot File: C:/Users/aidan/Downloads/lab4/lab4/task2_control.sv Line: 77
Warning (10230): Verilog HDL assignment warning at task2_control.sv(113): truncated value with size 32 to match size of target (6) File: C:/Users/aidan/Downloads/lab4/lab4/task2_control.sv Line: 113
Warning (10230): Verilog HDL assignment warning at task2_control.sv(116): truncated value with size 32 to match size of target (6) File: C:/Users/aidan/Downloads/lab4/lab4/task2_control.sv Line: 116
Warning (10230): Verilog HDL assignment warning at task2_control.sv(126): truncated value with size 32 to match size of target (5) File: C:/Users/aidan/Downloads/lab4/lab4/task2_control.sv Line: 126
Info (12128): Elaborating entity "seg7" for hierarchy "seg7:disp1" File: C:/Users/aidan/Downloads/lab4/lab4/De1SoC.sv Line: 54
Warning (12241): 3 hierarchies have connectivity warnings - see the Connectivity Checks report folder
Warning (13024): Output pins are stuck at VCC or GND
    Warning (13410): Pin "HEX1[1]" is stuck at GND File: C:/Users/aidan/Downloads/lab4/lab4/De1SoC.sv Line: 27
    Warning (13410): Pin "HEX1[2]" is stuck at GND File: C:/Users/aidan/Downloads/lab4/lab4/De1SoC.sv Line: 27
    Warning (13410): Pin "HEX1[6]" is stuck at VCC File: C:/Users/aidan/Downloads/lab4/lab4/De1SoC.sv Line: 27
    Warning (13410): Pin "HEX2[0]" is stuck at VCC File: C:/Users/aidan/Downloads/lab4/lab4/De1SoC.sv Line: 27
    Warning (13410): Pin "HEX2[1]" is stuck at VCC File: C:/Users/aidan/Downloads/lab4/lab4/De1SoC.sv Line: 27
    Warning (13410): Pin "HEX2[2]" is stuck at VCC File: C:/Users/aidan/Downloads/lab4/lab4/De1SoC.sv Line: 27
    Warning (13410): Pin "HEX2[3]" is stuck at VCC File: C:/Users/aidan/Downloads/lab4/lab4/De1SoC.sv Line: 27
    Warning (13410): Pin "HEX2[4]" is stuck at VCC File: C:/Users/aidan/Downloads/lab4/lab4/De1SoC.sv Line: 27
    Warning (13410): Pin "HEX2[5]" is stuck at VCC File: C:/Users/aidan/Downloads/lab4/lab4/De1SoC.sv Line: 27
    Warning (13410): Pin "HEX2[6]" is stuck at VCC File: C:/Users/aidan/Downloads/lab4/lab4/De1SoC.sv Line: 27
    Warning (13410): Pin "HEX3[0]" is stuck at VCC File: C:/Users/aidan/Downloads/lab4/lab4/De1SoC.sv Line: 27
    Warning (13410): Pin "HEX3[1]" is stuck at VCC File: C:/Users/aidan/Downloads/lab4/lab4/De1SoC.sv Line: 27
    Warning (13410): Pin "HEX3[2]" is stuck at VCC File: C:/Users/aidan/Downloads/lab4/lab4/De1SoC.sv Line: 27
    Warning (13410): Pin "HEX3[3]" is stuck at VCC File: C:/Users/aidan/Downloads/lab4/lab4/De1SoC.sv Line: 27
    Warning (13410): Pin "HEX3[4]" is stuck at VCC File: C:/Users/aidan/Downloads/lab4/lab4/De1SoC.sv Line: 27
    Warning (13410): Pin "HEX3[5]" is stuck at VCC File: C:/Users/aidan/Downloads/lab4/lab4/De1SoC.sv Line: 27
    Warning (13410): Pin "HEX3[6]" is stuck at VCC File: C:/Users/aidan/Downloads/lab4/lab4/De1SoC.sv Line: 27
    Warning (13410): Pin "HEX4[0]" is stuck at VCC File: C:/Users/aidan/Downloads/lab4/lab4/De1SoC.sv Line: 27
    Warning (13410): Pin "HEX4[1]" is stuck at VCC File: C:/Users/aidan/Downloads/lab4/lab4/De1SoC.sv Line: 27
    Warning (13410): Pin "HEX4[2]" is stuck at VCC File: C:/Users/aidan/Downloads/lab4/lab4/De1SoC.sv Line: 27
    Warning (13410): Pin "HEX4[3]" is stuck at VCC File: C:/Users/aidan/Downloads/lab4/lab4/De1SoC.sv Line: 27
    Warning (13410): Pin "HEX4[4]" is stuck at VCC File: C:/Users/aidan/Downloads/lab4/lab4/De1SoC.sv Line: 27
    Warning (13410): Pin "HEX4[5]" is stuck at VCC File: C:/Users/aidan/Downloads/lab4/lab4/De1SoC.sv Line: 27
    Warning (13410): Pin "HEX4[6]" is stuck at VCC File: C:/Users/aidan/Downloads/lab4/lab4/De1SoC.sv Line: 27
    Warning (13410): Pin "HEX5[0]" is stuck at VCC File: C:/Users/aidan/Downloads/lab4/lab4/De1SoC.sv Line: 27
    Warning (13410): Pin "HEX5[1]" is stuck at VCC File: C:/Users/aidan/Downloads/lab4/lab4/De1SoC.sv Line: 27
    Warning (13410): Pin "HEX5[2]" is stuck at VCC File: C:/Users/aidan/Downloads/lab4/lab4/De1SoC.sv Line: 27
    Warning (13410): Pin "HEX5[3]" is stuck at VCC File: C:/Users/aidan/Downloads/lab4/lab4/De1SoC.sv Line: 27
    Warning (13410): Pin "HEX5[4]" is stuck at VCC File: C:/Users/aidan/Downloads/lab4/lab4/De1SoC.sv Line: 27
    Warning (13410): Pin "HEX5[5]" is stuck at VCC File: C:/Users/aidan/Downloads/lab4/lab4/De1SoC.sv Line: 27
    Warning (13410): Pin "HEX5[6]" is stuck at VCC File: C:/Users/aidan/Downloads/lab4/lab4/De1SoC.sv Line: 27
    Warning (13410): Pin "LEDR[2]" is stuck at GND File: C:/Users/aidan/Downloads/lab4/lab4/De1SoC.sv Line: 28
    Warning (13410): Pin "LEDR[3]" is stuck at GND File: C:/Users/aidan/Downloads/lab4/lab4/De1SoC.sv Line: 28
    Warning (13410): Pin "LEDR[4]" is stuck at GND File: C:/Users/aidan/Downloads/lab4/lab4/De1SoC.sv Line: 28
    Warning (13410): Pin "LEDR[5]" is stuck at GND File: C:/Users/aidan/Downloads/lab4/lab4/De1SoC.sv Line: 28
    Warning (13410): Pin "LEDR[6]" is stuck at GND File: C:/Users/aidan/Downloads/lab4/lab4/De1SoC.sv Line: 28
    Warning (13410): Pin "LEDR[7]" is stuck at GND File: C:/Users/aidan/Downloads/lab4/lab4/De1SoC.sv Line: 28
Info (286030): Timing-Driven Synthesis is running
Info (17049): 2 registers lost all their fanouts during netlist optimizations.
Info (16010): Generating hard_block partition "hard_block:auto_generated_inst"
    Info (16011): Adding 0 node(s), including 0 DDIO, 0 PLL, 0 transceiver and 0 LCELL
Warning (21074): Design contains 4 input pin(s) that do not drive logic
    Warning (15610): No output dependent on input pin "KEY[1]" File: C:/Users/aidan/Downloads/lab4/lab4/De1SoC.sv Line: 25
    Warning (15610): No output dependent on input pin "KEY[2]" File: C:/Users/aidan/Downloads/lab4/lab4/De1SoC.sv Line: 25
    Warning (15610): No output dependent on input pin "KEY[3]" File: C:/Users/aidan/Downloads/lab4/lab4/De1SoC.sv Line: 25
    Warning (15610): No output dependent on input pin "SW[8]" File: C:/Users/aidan/Downloads/lab4/lab4/De1SoC.sv Line: 26
Info (21057): Implemented 157 device resources after synthesis - the final resource count might be different
    Info (21058): Implemented 15 input pins
    Info (21059): Implemented 52 output pins
    Info (21061): Implemented 82 logic cells
    Info (21064): Implemented 8 RAM segments
Info: Quartus Prime Analysis & Synthesis was successful. 0 errors, 48 warnings
    Info: Peak virtual memory: 4830 megabytes
    Info: Processing ended: Wed Nov 13 22:43:32 2024
    Info: Elapsed time: 00:00:17
    Info: Total CPU time (on all processors): 00:00:08


